\BOOKMARK [0][]{mulu.0}{\376\377\166\356\000\040\000\040\000\040\000\040\000\040\000\040\000\040\000\040\137\125}{}% 1
\BOOKMARK [0][]{section*.10}{\376\377\173\054\000\040\0001\000\040\172\340\000\040\000\040\176\352\213\272\000\040\000H\000\040}{}% 2
\BOOKMARK [1][]{section*.12}{\376\377\0001\000.\0001\000\040\213\376\230\230\200\314\146\157\123\312\141\017\116\111\000\040\000H\000\040}{section*.10}% 3
\BOOKMARK [1][]{section*.14}{\376\377\0001\000.\0002\000\040\121\145\225\350\167\345\213\306}{section*.10}% 4
\BOOKMARK [2][]{section*.16}{\376\377\0001\000.\0002\000.\0001\000\040\116\300\116\110\146\057\000L\000a\000T\000e\000X}{section*.14}% 5
\BOOKMARK [2][]{section*.18}{\376\377\0001\000.\0002\000.\0002\000\040\143\250\203\120\217\157\116\366\123\312\121\166\116\013\217\175}{section*.14}% 6
\BOOKMARK [2][]{section*.20}{\376\377\0001\000.\0002\000.\0003\000\040\143\250\203\120\166\204\121\145\225\350\215\104\145\231}{section*.14}% 7
\BOOKMARK [2][]{section*.22}{\376\377\0001\000.\0002\000.\0004\000\040\000W\000i\000n\000E\000d\000t\166\204\177\026\213\321\123\312\121\166\116\326\142\200\135\347}{section*.14}% 8
\BOOKMARK [2][]{section*.26}{\376\377\0001\000.\0002\000.\0005\000\040\165\037\142\020\126\376\166\204\136\070\211\301\145\271\137\017}{section*.14}% 9
\BOOKMARK [2][]{section*.28}{\376\377\0001\000.\0002\000.\0006\000\040\145\260\142\113\131\202\117\125\121\231\145\160\133\146\121\154\137\017}{section*.14}% 10
\BOOKMARK [2][]{section*.30}{\376\377\0001\000.\0002\000.\0007\000\040\137\353\220\037\143\322\121\145\126\376\210\150}{section*.14}% 11
\BOOKMARK [2][]{section*.32}{\376\377\0001\000.\0002\000.\0008\000\040\146\364\131\032\142\200\135\347\123\312\122\053\116\272\121\145\225\350\137\303\137\227}{section*.14}% 12
\BOOKMARK [2][]{section*.34}{\376\377\0001\000.\0002\000.\0009\000\040\150\041\121\205\000T\000e\000X\215\104\156\220}{section*.14}% 13
\BOOKMARK [0][]{section*.36}{\376\377\173\054\000\040\0002\000\040\172\340\000\040\152\041\147\177\220\011\142\351\123\312\117\177\165\050\116\055\166\204\116\000\116\233\142\200\135\347}{}% 14
\BOOKMARK [1][]{section*.38}{\376\377\0002\000.\0001\000\040\121\163\116\216\133\146\117\115\213\272\145\207\152\041\147\177}{section*.36}% 15
\BOOKMARK [2][]{section*.40}{\376\377\0002\000.\0001\000.\0001\000\040\147\011\154\241\147\011\137\305\211\201\117\177\165\050\152\041\147\177\377\037}{section*.38}% 16
\BOOKMARK [2][]{section*.42}{\376\377\0002\000.\0001\000.\0002\000\040\142\021\213\345\220\011\142\351\124\352\116\052\152\041\147\177\377\037}{section*.38}% 17
\BOOKMARK [1][]{section*.48}{\376\377\0002\000.\0002\000\040\147\054\152\041\147\177\147\011\121\163\213\364\146\016}{section*.36}% 18
\BOOKMARK [2][]{section*.50}{\376\377\0002\000.\0002\000.\0001\000\040\217\157\116\366\163\257\130\203}{section*.48}% 19
\BOOKMARK [2][]{section*.52}{\376\377\0002\000.\0002\000.\0002\000\040\166\370\121\163\166\356\137\125\123\312\145\207\116\366}{section*.48}% 20
\BOOKMARK [2][]{section*.56}{\376\377\0002\000.\0002\000.\0003\000\040\213\272\145\207\147\000\145\260\152\041\147\177\116\013\217\175\123\312\146\364\145\260\145\271\154\325}{section*.48}% 21
\BOOKMARK [1][]{section*.62}{\376\377\0002\000.\0003\000\040\152\041\147\177\142\200\135\347\116\313\176\315}{section*.36}% 22
\BOOKMARK [1][]{section*.64}{\376\377\0002\000.\0004\000\040\170\125\123\132\130\353\213\272\145\207\220\011\230\171}{section*.36}% 23
\BOOKMARK [1][]{section*.66}{\376\377\0002\000.\0005\000\040\134\001\227\142\121\205\133\271}{section*.36}% 24
\BOOKMARK [1][]{section*.68}{\376\377\0002\000.\0006\000\040\116\055\202\361\145\207\166\356\137\125}{section*.36}% 25
\BOOKMARK [1][]{section*.70}{\376\377\0002\000.\0007\000\040\122\027\210\150\163\257\130\203}{section*.36}% 26
\BOOKMARK [1][]{section*.72}{\376\377\0002\000.\0008\000\040\123\302\200\003\145\207\163\056}{section*.36}% 27
\BOOKMARK [1][]{section*.74}{\376\377\0002\000.\0009\000\040\143\210\147\103\116\146\123\312\117\335\133\306\123\117\213\256}{section*.36}% 28
\BOOKMARK [1][]{section*.76}{\376\377\0002\000.\0001\0000\000\040\142\123\123\160}{section*.36}% 29
\BOOKMARK [1][]{section*.78}{\376\377\0002\000.\0001\0001\000\040\126\376\210\150\166\204\116\055\202\361\145\207\150\007\230\230}{section*.36}% 30
\BOOKMARK [2][]{section*.80}{\376\377\0002\000.\0001\0001\000.\0001\000\040\126\376\150\007\230\230}{section*.78}% 31
\BOOKMARK [2][]{section*.115}{\376\377\0002\000.\0001\0001\000.\0002\000\040\210\150\150\007\230\230}{section*.78}% 32
\BOOKMARK [1][]{section*.121}{\376\377\0002\000.\0001\0002\000\040\173\227\154\325}{section*.36}% 33
\BOOKMARK [1][]{section*.127}{\376\377\0002\000.\0001\0003\000\040\121\154\137\017}{section*.36}% 34
\BOOKMARK [1][]{section*.129}{\376\377\0002\000.\0001\0004\000\040\116\000\116\052\225\177\166\204\134\017\202\202\150\007\230\230\116\000\116\052\225\177\166\204\134\017\202\202\150\007\230\230\116\000\116\052\225\177\166\204\134\017\202\202\150\007\230\230\116\000\116\052\225\177\166\204\134\017\202\202\150\007\230\230\116\000\116\052\225\177\166\204\134\017\202\202\150\007\230\230\116\000\116\052\225\177\166\204\134\017\202\202\150\007\230\230}{section*.36}% 35
\BOOKMARK [1][]{section*.131}{\376\377\0002\000.\0001\0005\000\040\152\041\147\177\116\055\201\352\133\232\116\111\166\204\116\000\116\233\124\175\116\344}{section*.36}% 36
\BOOKMARK [1][]{section*.133}{\376\377\0002\000.\0001\0006\000\040\000P\000l\000u\000t\000o\000\040\152\041\147\177\000\040\000F\000A\000Q\000s}{section*.36}% 37
\BOOKMARK [0][]{section*.135}{\376\377\173\054\000\040\0003\000\040\172\340\000\040\152\041\147\177\123\107\176\247\060\001\117\356\145\071\213\260\137\125}{}% 38
\BOOKMARK [1][]{section*.137}{\376\377\0003\000.\0001\000\040\213\364\146\016}{section*.135}% 39
\BOOKMARK [1][]{section*.139}{\376\377\0003\000.\0002\000\040\133\130\127\050\166\204\225\356\230\230\123\312\145\260\162\110\147\054\162\171\202\162}{section*.135}% 40
\BOOKMARK [1][]{section*.141}{\376\377\0003\000.\0003\000\040\162\110\147\054\123\206\123\362}{section*.135}% 41
\BOOKMARK [2][]{section*.143}{\376\377\0003\000.\0003\000.\0001\000\040\152\041\147\177\166\204\213\336\165\037}{section*.141}% 42
\BOOKMARK [2][]{section*.145}{\376\377\0003\000.\0003\000.\0002\000\040\162\110\147\054\123\107\176\247\201\363\000\040\000\050\000b\000y\000\040\000c\000u\000c\000m\000e\040\023\0002\0000\0000\0005\000.\0000\0006\000.\0000\0006\000\051}{section*.141}% 43
\BOOKMARK [2][]{section*.153}{\376\377\0003\000.\0003\000.\0003\000\040\162\110\147\054\123\107\176\247\201\363\0001\000.\0002\000\050\000b\000y\000\040\000n\000e\000b\000u\000l\000a\040\023\0002\0000\0000\0005\000.\0000\0006\000.\0002\0008\000\051}{section*.141}% 44
\BOOKMARK [2][]{section*.159}{\376\377\0003\000.\0003\000.\0004\000\040\162\110\147\054\123\107\176\247\201\363\0001\000.\0003\000\040\000\050\000b\000y\000\040\000S\000t\000a\000n\000l\000e\000y\000\051}{section*.141}% 45
\BOOKMARK [2][]{section*.161}{\376\377\0003\000.\0003\000.\0005\000\040\162\110\147\054\123\107\176\247\201\363\0001\000.\0004\000\040\000\050\000b\000y\000\040\000n\000e\000b\000u\000l\000a\000\051}{section*.141}% 46
\BOOKMARK [2][]{section*.163}{\376\377\0003\000.\0003\000.\0006\000\040\162\110\147\054\123\107\176\247\201\363\0001\000.\0005\000\040\000\050\000b\000y\000\040\000n\000e\000b\000u\000l\000a\000\051}{section*.141}% 47
\BOOKMARK [2][]{section*.165}{\376\377\0003\000.\0003\000.\0007\000\040\162\110\147\054\123\107\176\247\201\363\0001\000.\0006\000\040\000\050\000b\000y\000\040\000l\000u\000c\000k\000y\000f\000o\000x\000\051}{section*.141}% 48
\BOOKMARK [2][]{section*.167}{\376\377\0003\000.\0003\000.\0008\000\040\162\110\147\054\123\107\176\247\201\363\0001\000.\0007\000r\000c\0001\000\040\000\050\000b\000y\000\040\000l\000u\000c\000k\000y\000f\000o\000x\000\051}{section*.141}% 49
\BOOKMARK [2][]{section*.169}{\376\377\0003\000.\0003\000.\0009\000\040\162\110\147\054\123\107\176\247\201\363\0001\000.\0007\000r\000c\0002\000\040\000\050\000b\000y\000\040\000j\000d\000g\000\051}{section*.141}% 50
\BOOKMARK [2][]{section*.171}{\376\377\0003\000.\0003\000.\0001\0000\000\040\162\110\147\054\123\107\176\247\201\363\000\040\000v\0001\000.\0007\000\040\000\050\000b\000y\000\040\000l\000u\000c\000k\000y\000f\000o\000x\000\040\000a\000n\000d\000\040\000L\000a\000T\000e\000X\000\051}{section*.141}% 51
\BOOKMARK [2][]{section*.173}{\376\377\0003\000.\0003\000.\0001\0001\000\040\162\110\147\054\123\107\176\247\201\363\000\040\000v\0001\000.\0008\000r\000c\0001\000\040\000\050\000b\000y\000\040\000l\000u\000c\000k\000y\000f\000o\000x\000\040\000a\000n\000d\000\040\000L\000a\000T\000e\000X\000\051}{section*.141}% 52
\BOOKMARK [2][]{section*.175}{\376\377\0003\000.\0003\000.\0001\0002\000\040\162\110\147\054\123\107\176\247\201\363\000\040\000v\0001\000.\0008\000r\000c\0002\000\040\000\050\000b\000y\000\040\000l\000u\000c\000k\000y\000f\000o\000x\000\040\000a\000n\000d\000\040\000L\000a\000T\000e\000X\000\051}{section*.141}% 53
\BOOKMARK [2][]{section*.177}{\376\377\0003\000.\0003\000.\0001\0003\000\040\162\110\147\054\123\107\176\247\201\363\000\040\000v\0001\000.\0008\000.\0000\000.\0002\0000\0000\0008\0000\0002\0002\0008\000\040\000\050\000b\000y\000\040\000l\000u\000c\000k\000y\000f\000o\000x\000\040\000a\000n\000d\000\040\000L\000a\000T\000e\000X\000\040\000\051}{section*.141}% 54
\BOOKMARK [2][]{section*.179}{\376\377\0003\000.\0003\000.\0001\0004\000\040\162\110\147\054\123\107\176\247\201\363\000\040\000v\0001\000.\0008\000.\0001\000.\0002\0000\0000\0008\0000\0005\0002\0008\000\040\000\050\000b\000y\000\040\000l\000u\000c\000k\000y\000f\000o\000x\000\040\000a\000n\000d\000\040\000L\000a\000T\000e\000X\000\040\000\051}{section*.141}% 55
\BOOKMARK [2][]{section*.181}{\376\377\0003\000.\0003\000.\0001\0005\000\040\162\110\147\054\123\107\176\247\201\363\000\040\000v\0001\000.\0008\000.\0002\000.\0002\0000\0000\0008\0000\0006\0000\0001\000\040\000\050\000b\000y\000\040\000l\000u\000c\000k\000y\000f\000o\000x\000\040\000a\000n\000d\000\040\000L\000a\000T\000e\000X\000\040\000\051}{section*.141}% 56
\BOOKMARK [2][]{section*.183}{\376\377\0003\000.\0003\000.\0001\0006\000\040\162\110\147\054\123\107\176\247\201\363\000\040\000v\0001\000.\0008\000.\0003\000.\0002\0000\0000\0008\0001\0002\0001\0000\000\040\000\050\000b\000y\000\040\000l\000u\000c\000k\000y\000f\000o\000x\000\040\000a\000n\000d\000\040\000L\000a\000T\000e\000X\000\040\000\051}{section*.141}% 57
\BOOKMARK [2][]{section*.185}{\376\377\0003\000.\0003\000.\0001\0007\000\040\162\110\147\054\123\107\176\247\201\363\000\040\000v\0001\000.\0009\000.\0000\000.\0002\0000\0000\0008\0001\0002\0001\0003\000\040\000\050\000b\000y\000\040\000l\000u\000c\000k\000y\000f\000o\000x\000\040\000a\000n\000d\000\040\000L\000a\000T\000e\000X\000\040\000\051}{section*.141}% 58
\BOOKMARK [2][]{section*.187}{\376\377\0003\000.\0003\000.\0001\0008\000\040\162\110\147\054\123\107\176\247\201\363\000\040\000v\0001\000.\0009\000.\0001\000.\0002\0000\0000\0009\0000\0003\0002\0003\000\040\000\050\000b\000y\000\040\000l\000u\000c\000k\000y\000f\000o\000x\000\040\000a\000n\000d\000\040\000m\000a\000l\000d\000i\000n\000i\000l\000z\000\051}{section*.141}% 59
\BOOKMARK [2][]{section*.189}{\376\377\0003\000.\0003\000.\0001\0009\000\040\162\110\147\054\123\107\176\247\201\363\000\040\000v\0001\000.\0009\000.\0002\000.\0002\0000\0000\0009\0000\0003\0002\0004\000\040\000\050\000b\000y\000\040\000l\000u\000c\000k\000y\000f\000o\000x\000\040\000a\000n\000d\000\040\000m\000a\000l\000d\000i\000n\000i\000l\000z\000\051}{section*.141}% 60
\BOOKMARK [2][]{section*.191}{\376\377\0003\000.\0003\000.\0002\0000\000\040\162\110\147\054\123\107\176\247\201\363\000\040\000v\0001\000.\0009\000.\0002\000.\0002\0000\0000\0009\0000\0004\0002\0004\000\040\000\050\000b\000y\000\040\000l\000u\000c\000k\000y\000f\000o\000x\000\051}{section*.141}% 61
\BOOKMARK [0][]{section*.193}{\376\377\123\302\200\003\145\207\163\056}{}% 62
\BOOKMARK [0][]{section*.196}{\376\377\201\364\000\040\000\040\000\040\000\040\214\042}{}% 63
\BOOKMARK [0][]{section*.200}{\376\377\226\104\137\125\000\040\000A\000\040\136\046\172\340\202\202\166\204\226\104\137\125}{}% 64
\BOOKMARK [1][]{section*.202}{\376\377\000A\000.\0001\000\040\226\104\137\125\202\202\166\204\121\205\133\271}{section*.200}% 65
