This is XeTeX, Version 3.1415926-2.2-0.9995.2 (TeX Live 2009) (format=xelatex 2010.11.19)  15 APR 2011 21:14
entering extended mode
 %&-line parsing enabled.
**main.tex
(./main.tex
LaTeX2e <2009/09/24>
Babel <v3.8l> and hyphenation patterns for english, usenglishmax, dumylang, noh
yphenation, german-x-2009-06-19, ngerman-x-2009-06-19, ancientgreek, ibycus, ar
abic, basque, bulgarian, catalan, pinyin, coptic, croatian, czech, danish, dutc
h, esperanto, estonian, farsi, finnish, french, galician, german, ngerman, mono
greek, greek, hungarian, icelandic, indonesian, interlingua, irish, italian, ku
rmanji, latin, latvian, lithuanian, mongolian, mongolian2a, bokmal, nynorsk, po
lish, portuguese, romanian, russian, sanskrit, serbian, slovak, slovenian, span
ish, swedish, turkish, ukenglish, ukrainian, uppersorbian, welsh, loaded.
(./setup/type.tex) (/usr/local/texlive/2009/texmf-dist/tex/latex/base/book.cls
Document Class: book 2007/10/19 v1.4h Standard LaTeX document class
(/usr/local/texlive/2009/texmf-dist/tex/latex/base/bk12.clo
File: bk12.clo 2007/10/19 v1.4h Standard LaTeX file (size option)
)
\c@part=\count80
\c@chapter=\count81
\c@section=\count82
\c@subsection=\count83
\c@subsubsection=\count84
\c@paragraph=\count85
\c@subparagraph=\count86
\c@figure=\count87
\c@table=\count88
\abovecaptionskip=\skip41
\belowcaptionskip=\skip42
\bibindent=\dimen102
)
(./setup/package.tex
(/usr/local/texlive/2009/texmf-dist/tex/latex/etex-pkg/etex.sty
Package: etex 1998/03/26 v2.0 eTeX basic definition package (PEB)
\et@xins=\count89
)
(/usr/local/texlive/2009/texmf-dist/tex/generic/oberdiek/ifpdf.sty
Package: ifpdf 2009/04/10 v2.0 Provides the ifpdf switch (HO)
Package ifpdf Info: pdfTeX in pdf mode not detected.
)
(/usr/local/texlive/2009/texmf-dist/tex/latex/graphics/graphicx.sty
Package: graphicx 1999/02/16 v1.0f Enhanced LaTeX Graphics (DPC,SPQR)

(/usr/local/texlive/2009/texmf-dist/tex/latex/graphics/keyval.sty
Package: keyval 1999/03/16 v1.13 key=value parser (DPC)
\KV@toks@=\toks14
)
(/usr/local/texlive/2009/texmf-dist/tex/latex/graphics/graphics.sty
Package: graphics 2009/02/05 v1.0o Standard LaTeX Graphics (DPC,SPQR)

(/usr/local/texlive/2009/texmf-dist/tex/latex/graphics/trig.sty
Package: trig 1999/03/16 v1.09 sin cos tan (DPC)
)
(/usr/local/texlive/2009/texmf-dist/tex/latex/latexconfig/graphics.cfg
File: graphics.cfg 2009/08/28 v1.8 graphics configuration of TeX Live
)
Package graphics Info: Driver file: dvipdfm.def on input line 91.

(/usr/local/texlive/2009/texmf/tex/latex/dvipdfm/dvipdfm.def
File: dvipdfm.def 1999/9/6 vx.x Driver-dependant file
))
\Gin@req@height=\dimen103
\Gin@req@width=\dimen104
)
(/usr/local/texlive/2009/texmf-dist/tex/latex/geometry/geometry.sty
Package: geometry 2008/12/21 v4.2 Page Geometry

(/usr/local/texlive/2009/texmf-dist/tex/generic/oberdiek/ifvtex.sty
Package: ifvtex 2008/11/04 v1.4 Switches for detecting VTeX and its modes (HO)
Package ifvtex Info: VTeX not detected.
)
\Gm@cnth=\count90
\Gm@cntv=\count91
\c@Gm@tempcnt=\count92
\Gm@bindingoffset=\dimen105
\Gm@wd@mp=\dimen106
\Gm@odd@mp=\dimen107
\Gm@even@mp=\dimen108
\Gm@dimlist=\toks15

(/usr/local/texlive/2009/texmf-dist/tex/xelatex/xetexconfig/geometry.cfg))
(/usr/local/texlive/2009/texmf-dist/tex/latex/layouts/layouts.sty
Package: layouts 2009/09/02 v2.6d graphical depiction of document elements
\l@ylen=\skip43
\layoutsbox=\box26
\l@youtunitlength=\skip44
\l@youtlinethick=\skip45
\l@youtlinethickii=\skip46
\l@ysetupparskip=\skip47
\l@ysetupbaselineskip=\skip48
\l@yonem=\skip49
\l@yonex=\skip50
\l@ylmarg=\skip51
\l@yrmarg=\skip52
\l@yitmindent=\skip53
\l@ylblwidth=\skip54
\l@ylblsep=\skip55
\l@ylparindent=\skip56
\l@ytsep=\skip57
\l@ypskip=\skip58
\l@yptsep=\skip59
\l@ypsep=\skip60
\l@yitmsep=\skip61
\l@ytok=\toks16
\l@youtpw=\count93
\l@youtph=\count94
\l@youthpi=\count95
\l@youthpii=\count96
\l@youthpiii=\count97
\l@youthpiv=\count98
\l@youthpv=\count99
\l@youthpvi=\count100
\l@youthpvii=\count101
\l@youtparskip=\count102
\l@youtvpi=\count103
\l@youtvpii=\count104
\l@youtvpiii=\count105
\l@youtvpiv=\count106
\l@youtvpv=\count107
\l@youtvpvi=\count108
\l@youtvpvii=\count109
\l@youthdo=\count110
\l@youthdi=\count111
\l@youthdii=\count112
\l@youthdiii=\count113
\l@youthdiv=\count114
\l@youthdv=\count115
\l@youthdvi=\count116
\l@youthdvii=\count117
\l@youtvdo=\count118
\l@youtvdi=\count119
\l@youtvdii=\count120
\l@youtvdiii=\count121
\l@youtvdiv=\count122
\l@youtvdv=\count123
\l@youtvdvi=\count124
\l@youtvdvii=\count125
\l@youtvdviii=\count126
\l@youtxci=\count127
\l@youtxcii=\count128
\l@youtxciii=\count129
\l@youtxciv=\count130
\l@youtxcv=\count131
\l@youtxcvi=\count132
\l@youtyci=\count133
\l@youtycii=\count134
\l@youtyciii=\count135
\l@youtyciv=\count136
\l@youtycv=\count137
\l@youtycvi=\count138
\l@youtycvii=\count139
\l@youtycviii=\count140
\l@youtxco=\count141
\l@youtyco=\count142
\l@ytempdima=\skip62
\stockwidth=\skip63
\stockheight=\skip64
\trimedge=\skip65
\trimtop=\skip66
\uppermargin=\skip67
\spinemargin=\skip68
)
(/usr/local/texlive/2009/texmf-dist/tex/latex/titlesec/titlesec.sty
Package: titlesec 2007/08/12 v2.8 Sectioning titles
\ttl@box=\box27
\beforetitleunit=\skip69
\aftertitleunit=\skip70
\ttl@plus=\dimen109
\ttl@minus=\dimen110
\ttl@toksa=\toks17
\titlewidth=\dimen111
\titlewidthlast=\dimen112
\titlewidthfirst=\dimen113
)
(/usr/local/texlive/2009/texmf-dist/tex/latex/titlesec/titletoc.sty
Package: titletoc 2007/08/12 v1.6 TOC entries
\ttl@leftsep=\dimen114
)
(/usr/local/texlive/2009/texmf-dist/tex/latex/footmisc/footmisc.sty
Package: footmisc 2009/09/15 v5.5a a miscellany of footnote facilities
\FN@temptoken=\toks18
\footnotemargin=\dimen115
\c@pp@next@reset=\count143
\c@@fnserial=\count144
Package footmisc Info: Declaring symbol style bringhurst on input line 855.
Package footmisc Info: Declaring symbol style chicago on input line 863.
Package footmisc Info: Declaring symbol style wiley on input line 872.
Package footmisc Info: Declaring symbol style lamport-robust on input line 883.

Package footmisc Info: Declaring symbol style lamport* on input line 903.
Package footmisc Info: Declaring symbol style lamport*-robust on input line 924
.
)
(/usr/local/texlive/2009/texmf-dist/tex/latex/fancyhdr/fancyhdr.sty
\fancy@headwidth=\skip71
\f@ncyO@elh=\skip72
\f@ncyO@erh=\skip73
\f@ncyO@olh=\skip74
\f@ncyO@orh=\skip75
\f@ncyO@elf=\skip76
\f@ncyO@erf=\skip77
\f@ncyO@olf=\skip78
\f@ncyO@orf=\skip79
)
(/usr/local/texlive/2009/texmf-dist/tex/latex/fancyref/fancyref.sty
Package: fancyref 1999/02/03 v0.9c Fancy cross-referencing

(/usr/local/texlive/2009/texmf-dist/tex/latex/tools/varioref.sty
Package: varioref 2009/09/13 v1.4w package for extended references (FMi)
\c@vrcnt=\count145
))
(/usr/local/texlive/2009/texmf-dist/tex/latex/tools/array.sty
Package: array 2008/09/09 v2.4c Tabular extension package (FMi)
\col@sep=\dimen116
\extrarowheight=\dimen117
\NC@list=\toks19
\extratabsurround=\skip80
\backup@length=\skip81
)
(/usr/local/texlive/2009/texmf-dist/tex/latex/ctex/ctex.sty
Package: ctex 2009/10/20 v0.95 ctex macros package

(/usr/local/texlive/2009/texmf-dist/tex/latex/ctex/opt/ctex-common-opts.def)
(/usr/local/texlive/2009/texmf-dist/tex/latex/ctex/def/ctex-common.def
(/usr/local/texlive/2009/texmf-dist/tex/generic/ifxetex/ifxetex.sty
Package: ifxetex 2009/01/23 v0.5 Provides ifxetex conditional
)
(/usr/local/texlive/2009/texmf-dist/tex/latex/tools/indentfirst.sty
Package: indentfirst 1995/11/23 v1.03 Indent first paragraph (DPC)
)
(/usr/local/texlive/2009/texmf-dist/tex/latex/base/fix-cm.sty
Package: fix-cm 2006/09/13 v1.1m fixes to LaTeX

(/usr/local/texlive/2009/texmf-dist/tex/latex/base/ts1enc.def
File: ts1enc.def 2001/06/05 v3.0e (jk/car/fm) Standard LaTeX file
))
(/usr/local/texlive/2009/texmf-dist/tex/latex/ctex/engine/ctex-xecjk-engine.def
(/usr/local/texlive/2009/texmf-dist/tex/xelatex/xecjk/xeCJK.sty
Package: xeCJK 2009/09/30 2.3.10

(/usr/local/texlive/2009/texmf-dist/tex/xelatex/fontspec/fontspec.sty
Package: fontspec 2008/08/09 v1.18 Advanced font selection for XeLaTeX
\c@zf@newff=\count146
\c@zf@index=\count147
\c@zf@script=\count148
\c@zf@language=\count149

(/usr/local/texlive/2009/texmf-dist/tex/latex/tools/calc.sty
Package: calc 2007/08/22 v4.3 Infix arithmetic (KKT,FJ)
\calc@Acount=\count150
\calc@Bcount=\count151
\calc@Adimen=\dimen118
\calc@Bdimen=\dimen119
\calc@Askip=\skip82
\calc@Bskip=\skip83
LaTeX Info: Redefining \setlength on input line 76.
LaTeX Info: Redefining \addtolength on input line 77.
\calc@Ccount=\count152
\calc@Cskip=\skip84
)
(/usr/local/texlive/2009/texmf-dist/tex/latex/xkeyval/xkeyval.sty
Package: xkeyval 2008/08/13 v2.6a package option processing (HA)

(/usr/local/texlive/2009/texmf-dist/tex/generic/xkeyval/xkeyval.tex
\XKV@toks=\toks20
\XKV@tempa@toks=\toks21
\XKV@depth=\count153
File: xkeyval.tex 2008/08/13 v2.6a key=value parser (HA)
))
(/usr/local/texlive/2009/texmf-dist/tex/latex/base/fontenc.sty
Package: fontenc 2005/09/27 v1.99g Standard LaTeX package

(/usr/local/texlive/2009/texmf-dist/tex/xelatex/euenc/eu1enc.def
File: eu1enc.def 2008/03/08 v0.1d Experimental unicode font encoding
)
LaTeX Font Info:    Try loading font information for EU1+lmr on input line 100.


(/usr/local/texlive/2009/texmf-dist/tex/xelatex/euenc/eu1lmr.fd
File: eu1lmr.fd 2007/01/14 v1.3 Font defs for Latin Modern
))
LaTeX Info: Redefining \itshape on input line 1163.
LaTeX Info: Redefining \slshape on input line 1166.
LaTeX Info: Redefining \scshape on input line 1169.
LaTeX Info: Redefining \upshape on input line 1172.

fontspec.cfg loaded.
(/usr/local/texlive/2009/texmf-dist/tex/xelatex/fontspec/fontspec.cfg))
\xeCJK@cnta=\count154
\xeCJK@cntb=\count155
\xeCJK@cntc=\count156
\xeCJK@cntd=\count157
\xeCJK@cnte=\count158
\xeCJK@dima=\dimen120
LaTeX Info: Redefining \rmfamily on input line 762.
LaTeX Info: Redefining \sffamily on input line 766.
LaTeX Info: Redefining \ttfamily on input line 770.
\xeCJK@featureadded=\count159
)
(/usr/local/texlive/2009/texmf-dist/tex/latex/ctex/engine/ctex-cjk-common.def
\ccwd=\dimen121
)
(/usr/local/texlive/2009/texmf-dist/tex/latex/ctex/fontset/ctex-xecjk-winfonts.
def
\c@zf@famc@SimSun=\count160
Package fontspec Info: Defining font family for 'SimSun'with options [Mapping=t
ex-text,BoldFont={SimHei},ItalicFont={KaiTi_GB2312}] on input line 7.
Package fontspec Info: Could not resolve font SimHei/I (it might not exist) on 
input line 7.
LaTeX Info: Redefining \xeCJK@font@rm on input line 7.
\c@zf@famc@YouYuan=\count161
Package fontspec Info: Defining font family for 'YouYuan'with options [Mapping=
tex-text,BoldFont={YouYuan},BoldFeatures={RawFeature={embolden=4}}] on input li
ne 8.
Package fontspec Info: Could not resolve font YouYuan/I (it might not exist) on
 input line 8.
Package fontspec Info: Could not resolve font YouYuan/I (it might not exist) on
 input line 8.
\c@zf@famc@SimHei=\count162
Package fontspec Info: Defining font family for 'SimHei'with options [Mapping=t
ex-text,BoldFont={SimHei},BoldFeatures={RawFeature={embolden=4}}] on input line
 9.
Package fontspec Info: Could not resolve font SimHei/I (it might not exist) on 
input line 9.
Package fontspec Info: Could not resolve font SimHei/I (it might not exist) on 
input line 9.
LaTeX Info: Redefining \xeCJK@font@sf on input line 9.
\c@zf@famc@FangSong_GB2312=\count163
Package fontspec Info: Defining font family for 'FangSong_GB2312'with options [
Mapping=tex-text,BoldFont={FangSong_GB2312},BoldFeatures={RawFeature={embolden=
4}}] on input line 11.
Package fontspec Info: Could not resolve font FangSong_GB2312/I (it might not e
xist) on input line 11.
Package fontspec Info: Could not resolve font FangSong_GB2312/I (it might not e
xist) on input line 11.
LaTeX Info: Redefining \xeCJK@font@sf on input line 11.
Package fontspec Info: Defining font family for 'SimSun'with options [Mapping=t
ex-text,BoldFont={SimSun},BoldFeatures={RawFeature={embolden=4}}] on input line
 13.
Package fontspec Info: Could not resolve font SimSun/I (it might not exist) on 
input line 13.
Package fontspec Info: Could not resolve font SimSun/I (it might not exist) on 
input line 13.
\c@zf@famc@KaiTi_GB2312=\count164
Package fontspec Info: Defining font family for 'KaiTi_GB2312'with options [Map
ping=tex-text,BoldFont={KaiTi_GB2312},BoldFeatures={RawFeature={embolden=4}}] o
n input line 16.
Package fontspec Info: Could not resolve font KaiTi_GB2312/I (it might not exis
t) on input line 16.
Package fontspec Info: Could not resolve font KaiTi_GB2312/I (it might not exis
t) on input line 16.
\c@zf@famc@LiSu=\count165
Package fontspec Info: Defining font family for 'LiSu'with options [Mapping=tex
-text,BoldFont={LiSu},BoldFeatures={RawFeature={embolden=4}}] on input line 19.

Package fontspec Info: Could not resolve font LiSu/I (it might not exist) on in
put line 19.
Package fontspec Info: Could not resolve font LiSu/I (it might not exist) on in
put line 19.
))
\CTEX@q=\count166
\CTEX@r=\count167
)) (/usr/local/texlive/2009/texmf-dist/tex/latex/ctex/def/ctex-utf8.def)
(/usr/local/texlive/2009/texmf-dist/tex/latex/ctex/cfg/ctex.cfg)
(/usr/local/texlive/2009/texmf-dist/tex/latex/type1cm/type1cm.sty
Package: type1cm 2002/09/05 v0.04 BlueSky/Y&Y Type1 CM font definitions (DPC, p
atched RF)
)
(/usr/local/texlive/2009/texmf-dist/tex/latex/graphics/color.sty
Package: color 2005/11/14 v1.0j Standard LaTeX Color (DPC)

(/usr/local/texlive/2009/texmf-dist/tex/latex/latexconfig/color.cfg
File: color.cfg 2007/01/18 v1.5 color configuration of teTeX/TeXLive
)
Package color Info: Driver file: xetex.def on input line 130.

(/usr/local/texlive/2009/texmf-dist/tex/xelatex/xetex-def/xetex.def
File: xetex.def 2009/10/28 v0.93 LaTeX color/graphics driver for XeTeX (RRM, mo
d. JK)
))
(/usr/local/texlive/2009/texmf-dist/tex/latex/amsmath/amsmath.sty
Package: amsmath 2000/07/18 v2.13 AMS math features
\@mathmargin=\skip85

For additional information on amsmath, use the `?' option.
(/usr/local/texlive/2009/texmf-dist/tex/latex/amsmath/amstext.sty
Package: amstext 2000/06/29 v2.01

(/usr/local/texlive/2009/texmf-dist/tex/latex/amsmath/amsgen.sty
File: amsgen.sty 1999/11/30 v2.0
\@emptytoks=\toks22
\ex@=\dimen122
))
(/usr/local/texlive/2009/texmf-dist/tex/latex/amsmath/amsbsy.sty
Package: amsbsy 1999/11/29 v1.2d
\pmbraise@=\dimen123
)
(/usr/local/texlive/2009/texmf-dist/tex/latex/amsmath/amsopn.sty
Package: amsopn 1999/12/14 v2.01 operator names
)
\inf@bad=\count168
LaTeX Info: Redefining \frac on input line 211.
\uproot@=\count169
\leftroot@=\count170
LaTeX Info: Redefining \overline on input line 307.
\classnum@=\count171
\DOTSCASE@=\count172
LaTeX Info: Redefining \ldots on input line 379.
LaTeX Info: Redefining \dots on input line 382.
LaTeX Info: Redefining \cdots on input line 467.
\Mathstrutbox@=\box28
\strutbox@=\box29
\big@size=\dimen124
LaTeX Font Info:    Redeclaring font encoding OML on input line 567.
LaTeX Font Info:    Redeclaring font encoding OMS on input line 568.
\macc@depth=\count173
\c@MaxMatrixCols=\count174
\dotsspace@=\muskip10
\c@parentequation=\count175
\dspbrk@lvl=\count176
\tag@help=\toks23
\row@=\count177
\column@=\count178
\maxfields@=\count179
\andhelp@=\toks24
\eqnshift@=\dimen125
\alignsep@=\dimen126
\tagshift@=\dimen127
\tagwidth@=\dimen128
\totwidth@=\dimen129
\lineht@=\dimen130
\@envbody=\toks25
\multlinegap=\skip86
\multlinetaggap=\skip87
\mathdisplay@stack=\toks26
LaTeX Info: Redefining \[ on input line 2666.
LaTeX Info: Redefining \] on input line 2667.
)
(/usr/local/texlive/2009/texmf-dist/tex/latex/ltxmisc/relsize.sty
Package: relsize 2003/07/04 ver 3.1
)
(/usr/local/texlive/2009/texmf-dist/tex/latex/amsfonts/amssymb.sty
Package: amssymb 2009/06/22 v3.00

(/usr/local/texlive/2009/texmf-dist/tex/latex/amsfonts/amsfonts.sty
Package: amsfonts 2009/06/22 v3.00 Basic AMSFonts support
\symAMSa=\mathgroup4
\symAMSb=\mathgroup5
LaTeX Font Info:    Overwriting math alphabet `\mathfrak' in version `bold'
(Font)                  U/euf/m/n --> U/euf/b/n on input line 96.
))
(/usr/local/texlive/2009/texmf-dist/tex/latex/base/textcomp.sty
Package: textcomp 2005/09/27 v1.99g Standard LaTeX package
Package textcomp Info: Sub-encoding information:
(textcomp)               5 = only ISO-Adobe without \textcurrency
(textcomp)               4 = 5 + \texteuro
(textcomp)               3 = 4 + \textohm
(textcomp)               2 = 3 + \textestimated + \textcurrency
(textcomp)               1 = TS1 - \textcircled - \t
(textcomp)               0 = TS1 (full)
(textcomp)             Font families with sub-encoding setting implement
(textcomp)             only a restricted character set as indicated.
(textcomp)             Family '?' is the default used for unknown fonts.
(textcomp)             See the documentation for details.
Package textcomp Info: Setting ? sub-encoding to TS1/1 on input line 71.

(/usr/local/texlive/2009/texmf-dist/tex/latex/base/ts1enc.def
File: ts1enc.def 2001/06/05 v3.0e (jk/car/fm) Standard LaTeX file
LaTeX Font Info:    Redeclaring font encoding TS1 on input line 42.
)
LaTeX Info: Redefining \oldstylenums on input line 266.
Package textcomp Info: Setting cmr sub-encoding to TS1/0 on input line 281.
Package textcomp Info: Setting cmss sub-encoding to TS1/0 on input line 282.
Package textcomp Info: Setting cmtt sub-encoding to TS1/0 on input line 283.
Package textcomp Info: Setting cmvtt sub-encoding to TS1/0 on input line 284.
Package textcomp Info: Setting cmbr sub-encoding to TS1/0 on input line 285.
Package textcomp Info: Setting cmtl sub-encoding to TS1/0 on input line 286.
Package textcomp Info: Setting ccr sub-encoding to TS1/0 on input line 287.
Package textcomp Info: Setting ptm sub-encoding to TS1/4 on input line 288.
Package textcomp Info: Setting pcr sub-encoding to TS1/4 on input line 289.
Package textcomp Info: Setting phv sub-encoding to TS1/4 on input line 290.
Package textcomp Info: Setting ppl sub-encoding to TS1/3 on input line 291.
Package textcomp Info: Setting pag sub-encoding to TS1/4 on input line 292.
Package textcomp Info: Setting pbk sub-encoding to TS1/4 on input line 293.
Package textcomp Info: Setting pnc sub-encoding to TS1/4 on input line 294.
Package textcomp Info: Setting pzc sub-encoding to TS1/4 on input line 295.
Package textcomp Info: Setting bch sub-encoding to TS1/4 on input line 296.
Package textcomp Info: Setting put sub-encoding to TS1/5 on input line 297.
Package textcomp Info: Setting uag sub-encoding to TS1/5 on input line 298.
Package textcomp Info: Setting ugq sub-encoding to TS1/5 on input line 299.
Package textcomp Info: Setting ul8 sub-encoding to TS1/4 on input line 300.
Package textcomp Info: Setting ul9 sub-encoding to TS1/4 on input line 301.
Package textcomp Info: Setting augie sub-encoding to TS1/5 on input line 302.
Package textcomp Info: Setting dayrom sub-encoding to TS1/3 on input line 303.
Package textcomp Info: Setting dayroms sub-encoding to TS1/3 on input line 304.

Package textcomp Info: Setting pxr sub-encoding to TS1/0 on input line 305.
Package textcomp Info: Setting pxss sub-encoding to TS1/0 on input line 306.
Package textcomp Info: Setting pxtt sub-encoding to TS1/0 on input line 307.
Package textcomp Info: Setting txr sub-encoding to TS1/0 on input line 308.
Package textcomp Info: Setting txss sub-encoding to TS1/0 on input line 309.
Package textcomp Info: Setting txtt sub-encoding to TS1/0 on input line 310.
Package textcomp Info: Setting futs sub-encoding to TS1/4 on input line 311.
Package textcomp Info: Setting futx sub-encoding to TS1/4 on input line 312.
Package textcomp Info: Setting futj sub-encoding to TS1/4 on input line 313.
Package textcomp Info: Setting hlh sub-encoding to TS1/3 on input line 314.
Package textcomp Info: Setting hls sub-encoding to TS1/3 on input line 315.
Package textcomp Info: Setting hlst sub-encoding to TS1/3 on input line 316.
Package textcomp Info: Setting hlct sub-encoding to TS1/5 on input line 317.
Package textcomp Info: Setting hlx sub-encoding to TS1/5 on input line 318.
Package textcomp Info: Setting hlce sub-encoding to TS1/5 on input line 319.
Package textcomp Info: Setting hlcn sub-encoding to TS1/5 on input line 320.
Package textcomp Info: Setting hlcw sub-encoding to TS1/5 on input line 321.
Package textcomp Info: Setting hlcf sub-encoding to TS1/5 on input line 322.
Package textcomp Info: Setting pplx sub-encoding to TS1/3 on input line 323.
Package textcomp Info: Setting pplj sub-encoding to TS1/3 on input line 324.
Package textcomp Info: Setting ptmx sub-encoding to TS1/4 on input line 325.
Package textcomp Info: Setting ptmj sub-encoding to TS1/4 on input line 326.
)
(/usr/local/texlive/2009/texmf-dist/tex/latex/jknapltx/mathrsfs.sty
Package: mathrsfs 1996/01/01 Math RSFS package v1.0 (jk)
\symrsfs=\mathgroup6
)
(/usr/local/texlive/2009/texmf-dist/tex/latex/tools/bm.sty
Package: bm 2004/02/26 v1.1c Bold Symbol Support (DPC/FMi)
\symboldoperators=\mathgroup7
\symboldletters=\mathgroup8
\symboldsymbols=\mathgroup9
LaTeX Font Info:    Redeclaring math alphabet \mathbf on input line 138.
LaTeX Info: Redefining \bm on input line 204.
)
(/usr/local/texlive/2009/texmf-dist/tex/latex/ntheorem/ntheorem.sty
Style `ntheorem', Version 1.25 <2005/07/07>
Package: ntheorem 2005/07/07 1.25
\theorem@style=\toks27
\theorem@@style=\toks28
\theorembodyfont=\toks29
\theoremnumbering=\toks30
\theorempreskipamount=\skip88
\theorempostskipamount=\skip89
\theoremindent=\dimen131
\theorem@indent=\dimen132
\theoremheaderfont=\toks31
\theoremseparator=\toks32
\theoremprework=\toks33
\theorempostwork=\toks34
\theoremsymbol=\toks35
\qedsymbol=\toks36
\theoremkeyword=\toks37
\qedsymbol=\toks38
\thm@topsepadd=\skip90
Package ntheorem Info: Option `thmmarks' loaded on input line 1029.
\c@endNonectr=\count180
\c@currNonectr=\count181
\mysavskip=\skip91
Package ntheorem Info: option `amsmath' handling for `thmmarks' loaded on input
 line 1029.
\thm@amstmpdepth=\dimen133
) (/usr/local/texlive/2009/texmf-dist/tex/latex/graphics/epsfig.sty
Package: epsfig 1999/02/16 v1.7a (e)psfig emulation (SPQR)
\epsfxsize=\dimen134
\epsfysize=\dimen135
)
(/usr/local/texlive/2009/texmf-dist/tex/latex/placeins/placeins.sty
Package: placeins 2005/04/18  v 2.2
)
(/usr/local/texlive/2009/texmf-dist/tex/latex/rotating/rotating.sty
Package: rotating 2009/03/28 v2.16a rotated objects in LaTeX

(/usr/local/texlive/2009/texmf-dist/tex/latex/base/ifthen.sty
Package: ifthen 2001/05/26 v1.1c Standard LaTeX ifthen package (DPC)
)
\c@r@tfl@t=\count182
\rotFPtop=\skip92
\rotFPbot=\skip93
\rot@float@box=\box30
\rot@mess@toks=\toks39
)
(/usr/local/texlive/2009/texmf-dist/tex/latex/setspace/setspace.sty
Package: setspace 2000/12/01 6.7 Contributed and Supported LaTeX2e package

Package: `setspace' 6.7 <2000/12/01>
) (/usr/local/texlive/2009/texmf-dist/tex/latex/base/flafter.sty
Package: flafter 2000/07/23 v1.2i Standard LaTeX floats after reference (FMi)
)
(/usr/local/texlive/2009/texmf-dist/tex/latex/multirow/multirow.sty
\bigstrutjot=\dimen136
)
(/usr/local/texlive/2009/texmf-dist/tex/latex/booktabs/booktabs.sty
Package: booktabs 2005/04/14 v1.61803 publication quality tables
\heavyrulewidth=\dimen137
\lightrulewidth=\dimen138
\cmidrulewidth=\dimen139
\belowrulesep=\dimen140
\belowbottomsep=\dimen141
\aboverulesep=\dimen142
\abovetopsep=\dimen143
\cmidrulesep=\dimen144
\cmidrulekern=\dimen145
\defaultaddspace=\dimen146
\@cmidla=\count183
\@cmidlb=\count184
\@aboverulesep=\dimen147
\@belowrulesep=\dimen148
\@thisruleclass=\count185
\@lastruleclass=\count186
\@thisrulewidth=\dimen149
)
(/usr/local/texlive/2009/texmf-dist/tex/latex/tools/longtable.sty
Package: longtable 2004/02/01 v4.11 Multi-page Table package (DPC)
\LTleft=\skip94
\LTright=\skip95
\LTpre=\skip96
\LTpost=\skip97
\LTchunksize=\count187
\LTcapwidth=\dimen150
\LT@head=\box31
\LT@firsthead=\box32
\LT@foot=\box33
\LT@lastfoot=\box34
\LT@cols=\count188
\LT@rows=\count189
\c@LT@tables=\count190
\c@LT@chunks=\count191
\LT@p@ftn=\toks40
)
(/usr/local/texlive/2009/texmf-dist/tex/latex/subfigure/subfigure.sty
Package: subfigure 2002/03/15 v2.1.5 subfigure package
\subfigtopskip=\skip98
\subfigcapskip=\skip99
\subfigcaptopadj=\dimen151
\subfigbottomskip=\skip100
\subfigcapmargin=\dimen152
\subfiglabelskip=\skip101
\c@subfigure=\count192
\c@lofdepth=\count193
\c@subtable=\count194
\c@lotdepth=\count195

****************************************
* Local config file subfigure.cfg used *
****************************************
(/usr/local/texlive/2009/texmf-dist/tex/latex/subfigure/subfigure.cfg)
\subfig@top=\skip102
\subfig@bottom=\skip103
)
(/usr/local/texlive/2009/texmf-dist/tex/latex/ccaption/ccaption.sty
Package: ccaption 2009/09/02 v3.2b Extended captioning and new floats
\@contcwidth=\skip104
\@contindw=\skip105
\abovelegendskip=\skip106
\belowlegendskip=\skip107
\c@@contsubnum=\count196
\c@newflo@tctr=\count197
)
(/usr/local/texlive/2009/texmf-dist/tex/latex/natbib/natbib.sty
Package: natbib 2009/07/16 8.31 (PWD, AO)
\bibhang=\skip108
\bibsep=\skip109
LaTeX Info: Redefining \cite on input line 694.
\c@NAT@ctr=\count198
)
(/usr/local/texlive/2009/texmf-dist/tex/latex/ltxmisc/hypernat.sty
Invalid UTF-8 byte or sequence at line 22 replaced by U+FFFD.
Invalid UTF-8 byte or sequence at line 24 replaced by U+FFFD.
Package: hypernat 2001/07/09 v1.0b hyperref and natbib compatibility (jb)
)
(/usr/local/texlive/2009/texmf-dist/tex/latex/enumitem/enumitem.sty
Package: enumitem 2009/05/18 v2.2 Customized lists
\enit@toks=\toks41
\labelindent=\skip110
\enit@outerparindent=\dimen153
\enitdp@desc=\count199
)
(/usr/local/texlive/2009/texmf-dist/tex/latex/hyperref/hyperref.sty
Package: hyperref 2009/10/09 v6.79a Hypertext links for LaTeX

(/usr/local/texlive/2009/texmf-dist/tex/latex/oberdiek/hycolor.sty
Package: hycolor 2009/10/02 v1.5 Code for color options of hyperref/bookmark (H
O)

(/usr/local/texlive/2009/texmf-dist/tex/latex/oberdiek/xcolor-patch.sty
Package: xcolor-patch 2009/10/02 xcolor patch
))
\@linkdim=\dimen154
\Hy@linkcounter=\count200
\Hy@pagecounter=\count201

(/usr/local/texlive/2009/texmf-dist/tex/latex/hyperref/pd1enc.def
File: pd1enc.def 2009/10/09 v6.79a Hyperref: PDFDocEncoding definition (HO)
)
(/usr/local/texlive/2009/texmf-dist/tex/generic/oberdiek/etexcmds.sty
Package: etexcmds 2007/12/12 v1.2 Prefix for e-TeX command names (HO)

(/usr/local/texlive/2009/texmf-dist/tex/generic/oberdiek/infwarerr.sty
Package: infwarerr 2007/09/09 v1.2 Providing info/warning/message (HO)
)
Package etexcmds Info: Could not find \expanded.
(etexcmds)             That can mean that you are not using pdfTeX 1.50 or
(etexcmds)             that some package has redefined \expanded.
(etexcmds)             In the latter case, load this package earlier.
)

Package hyperref Warning: Height of page (\stockheight) is invalid (0.0pt),
(hyperref)                using 11in.

(/usr/local/texlive/2009/texmf-dist/tex/xelatex/xetexconfig/hyperref.cfg
File: hyperref.cfg 2008/07/11 v1.2 hyperref configuration for XeLaTeX
)
(/usr/local/texlive/2009/texmf-dist/tex/latex/oberdiek/kvoptions.sty
Package: kvoptions 2009/08/13 v3.4 Keyval support for LaTeX options (HO)

(/usr/local/texlive/2009/texmf-dist/tex/generic/oberdiek/kvsetkeys.sty
Package: kvsetkeys 2009/07/30 v1.5 Key value parser with default handler suppor
t (HO)
))
Package hyperref Info: Option `bookmarksnumbered' set `true' on input line 2864
.
Package hyperref Info: Option `bookmarksopen' set `true' on input line 2864.
Package hyperref Info: Option `colorlinks' set `false' on input line 2864.
Package hyperref Info: Option `breaklinks' set `true' on input line 2864.
Package hyperref Info: Option `naturalnames' set `true' on input line 2864.
Package hyperref Info: Hyper figures OFF on input line 2975.
Package hyperref Info: Link nesting OFF on input line 2980.
Package hyperref Info: Hyper index ON on input line 2983.
Package hyperref Info: Plain pages OFF on input line 2990.
Package hyperref Info: Backreferencing OFF on input line 2995.

Implicit mode ON; LaTeX internals redefined
Package hyperref Info: Bookmarks ON on input line 3191.
(/usr/local/texlive/2009/texmf-dist/tex/latex/ltxmisc/url.sty
\Urlmuskip=\muskip11
Package: url 2006/04/12  ver 3.3  Verb mode for urls, etc.
)
LaTeX Info: Redefining \url on input line 3428.

(/usr/local/texlive/2009/texmf-dist/tex/generic/oberdiek/bitset.sty
Package: bitset 2007/09/28 v1.0 Data type bit set (HO)

(/usr/local/texlive/2009/texmf-dist/tex/generic/oberdiek/intcalc.sty
Package: intcalc 2007/09/27 v1.1 Expandable integer calculations (HO)
)
(/usr/local/texlive/2009/texmf-dist/tex/generic/oberdiek/bigintcalc.sty
Package: bigintcalc 2007/11/11 v1.1 Expandable big integer calculations (HO)

(/usr/local/texlive/2009/texmf-dist/tex/generic/oberdiek/pdftexcmds.sty
Package: pdftexcmds 2009/09/23 v0.6 LuaTeX support for pdfTeX utility functions
 (HO)

(/usr/local/texlive/2009/texmf-dist/tex/generic/oberdiek/ifluatex.sty
Package: ifluatex 2009/04/17 v1.2 Provides the ifluatex switch (HO)
Package ifluatex Info: LuaTeX not detected.
)
(/usr/local/texlive/2009/texmf-dist/tex/generic/oberdiek/ltxcmds.sty
Package: ltxcmds 2009/08/05 v1.0 Some LaTeX kernel commands for general use (HO
)
)
Package pdftexcmds Info: LuaTeX not detected.
Package pdftexcmds Info: pdfTeX >= 1.30 not detected.
Package pdftexcmds Info: \pdf@primitive is available.
Package pdftexcmds Info: \pdf@ifprimitive is available.
)))
\Fld@menulength=\count202
\Field@Width=\dimen155
\Fld@charsize=\dimen156
\Field@toks=\toks42
Package hyperref Info: Hyper figures OFF on input line 4377.
Package hyperref Info: Link nesting OFF on input line 4382.
Package hyperref Info: Hyper index ON on input line 4385.
Package hyperref Info: backreferencing OFF on input line 4392.
Package hyperref Info: Link coloring OFF on input line 4397.
Package hyperref Info: Link coloring with OCG OFF on input line 4402.
Package hyperref Info: PDF/A mode OFF on input line 4407.

(/usr/local/texlive/2009/texmf-dist/tex/generic/oberdiek/atbegshi.sty
Package: atbegshi 2008/07/31 v1.9 At begin shipout hook (HO)
)
\Hy@abspage=\count203
\c@Item=\count204
\c@Hfootnote=\count205
)
*hyperref using driver hdvipdfm*
(/usr/local/texlive/2009/texmf-dist/tex/latex/hyperref/hdvipdfm.def
File: hdvipdfm.def 2009/10/09 v6.79a Hyperref driver for dvipdfm
\pdfm@box=\box35
\c@Hy@AnnotLevel=\count206
\HyField@AnnotCount=\count207
\Fld@listcount=\count208
)
(/usr/local/texlive/2009/texmf-dist/tex/latex/arydshln/arydshln.sty
Package: arydshln 2004/08/31 v1.71 
\dashlinedash=\dimen157
\dashlinegap=\dimen158
\adl@box=\box36
\adl@height=\dimen159
\adl@heightsave=\dimen160
\adl@depth=\dimen161
\adl@depthsave=\dimen162
\adl@finaldepth=\dimen163
\adl@columns=\count209
\adl@ncol=\count210
\adl@currentcolumn=\count211
\adl@currentcolumnsave=\count212
\adl@totalheight=\count213
\adl@totalheightsave=\count214
\adl@dash=\count215
\adl@gap=\count216
\adl@cla=\count217
\adl@clb=\count218
\adl@everyvbox=\toks43
\adl@LTpagetotal=\dimen164
))
(/usr/local/texlive/2009/texmf-dist/tex/latex/algorithm2e/algorithm2e.sty
Package: algorithm2e 2005/10/04 v3.9 algorithms environments
\c@AlgoLine=\count219
Invalid UTF-8 byte or sequence at line 568 replaced by U+FFFD.

(/usr/local/texlive/2009/texmf-dist/tex/latex/tools/xspace.sty
Package: xspace 2006/05/08 v1.12 Space after command names (DPC,MH)
)
********************************************************
Package `algorithm2e' Release 3.9 -- october 04 2005 --
- algorithm2e-announce@lirmm.fr mailing list for announcement about releases
- algorithm2e-discussion@lirmm.fr mailing list for discussion about package
subscribe by emailing sympa@lirmm.fr with 'subscribe <list> <firstname name>'
- Author: Christophe Fiorio (fiorio@lirmm.fr)
********************************************************
\skiptotal=\skip111
\skiprule=\skip112
\skiphlne=\skip113
\skiptext=\skip114
\skiplength=\skip115
\algomargin=\skip116
\skipalgocfslide=\skip117
\algowidth=\dimen165
\inoutsize=\dimen166
\inoutline=\dimen167
\algocf@inoutbox=\box37
\algocf@inputbox=\box38
\AlCapSkip=\skip118
\AlCapHSkip=\skip119
\algocf@capbox=\box39
\c@algocfline=\count220
\c@algocf=\count221
\algocf@algoframe=\box40
\algocf@algobox=\box41
Invalid UTF-8 byte or sequence at line 1987 replaced by U+FFFD.
Invalid UTF-8 byte or sequence at line 2031 replaced by U+FFFD.
Invalid UTF-8 byte or sequence at line 2075 replaced by U+FFFD.
Invalid UTF-8 byte or sequence at line 2077 replaced by U+FFFD.
) (./main.aux (./body/Introduction.aux) (./body/Tricks.aux)
(./body/UpdateLog.aux) (./body/ToTemplateMaintainers.aux) (./body/copyright.aux
) (./body/conclusion.aux) (./appendix/acknowledgements.aux)
(./appendix/appA.aux))
\openout1 = `main.aux'.

LaTeX Font Info:    Checking defaults for OML/cmm/m/it on input line 140.
LaTeX Font Info:    ... okay on input line 140.
LaTeX Font Info:    Checking defaults for T1/cmr/m/n on input line 140.
LaTeX Font Info:    ... okay on input line 140.
LaTeX Font Info:    Checking defaults for OT1/cmr/m/n on input line 140.
LaTeX Font Info:    ... okay on input line 140.
LaTeX Font Info:    Checking defaults for OMS/cmsy/m/n on input line 140.
LaTeX Font Info:    ... okay on input line 140.
LaTeX Font Info:    Checking defaults for OMX/cmex/m/n on input line 140.
LaTeX Font Info:    ... okay on input line 140.
LaTeX Font Info:    Checking defaults for U/cmr/m/n on input line 140.
LaTeX Font Info:    ... okay on input line 140.
LaTeX Font Info:    Checking defaults for TS1/cmr/m/n on input line 140.
LaTeX Font Info:    ... okay on input line 140.
LaTeX Font Info:    Checking defaults for EU1/lmr/m/n on input line 140.
LaTeX Font Info:    ... okay on input line 140.
LaTeX Font Info:    Checking defaults for PD1/pdf/m/n on input line 140.
LaTeX Font Info:    ... okay on input line 140.

*geometry detected driver: pdftex*
-------------------- Geometry parameters
paper: a4paper
landscape: --
twocolumn: --
twoside: --
asymmetric: --
h-parts: 71.13188pt, 398.3386pt, 128.0374pt
v-parts: 136.57323pt, 594.6626pt, 113.81102pt
hmarginratio: --
vmarginratio: --
lines: --
heightrounded: --
bindingoffset: 0.0pt
truedimen: --
includehead: --
includefoot: --
includemp: --
driver: pdftex
-------------------- Page layout dimensions and switches
\paperwidth  597.50787pt
\paperheight 845.04684pt
\textwidth  398.3386pt
\textheight 594.6626pt
\oddsidemargin  -1.1381pt
\evensidemargin -1.1381pt
\topmargin  35.85051pt
\headheight 19.91692pt
\headsep    8.53581pt
\footskip   19.91692pt
\marginparwidth 38.0pt
\marginparsep   7.0pt
\columnsep  10.0pt
\skip\footins  10.8pt plus 4.0pt minus 2.0pt
\hoffset 0.0pt
\voffset 0.0pt
\mag 1000

(1in=72.27pt, 1cm=28.45pt)
-----------------------

Package layouts Warning: Layout scale set to 0.5 on input line 140.

Package fontspec Info: Adjusting the maths setup (use [no-math] to avoid this).
 on input line 140.
\symlegacymaths=\mathgroup10
LaTeX Font Info:    Overwriting symbol font `legacymaths' in version `bold'
(Font)                  OT1/cmr/m/n --> OT1/cmr/bx/n on input line 140.
LaTeX Font Info:    Redeclaring math accent \acute on input line 140.
LaTeX Font Info:    Redeclaring math accent \grave on input line 140.
LaTeX Font Info:    Redeclaring math accent \ddot on input line 140.
LaTeX Font Info:    Redeclaring math accent \tilde on input line 140.
LaTeX Font Info:    Redeclaring math accent \bar on input line 140.
LaTeX Font Info:    Redeclaring math accent \breve on input line 140.
LaTeX Font Info:    Redeclaring math accent \check on input line 140.
LaTeX Font Info:    Redeclaring math accent \hat on input line 140.
LaTeX Font Info:    Redeclaring math accent \dot on input line 140.
LaTeX Font Info:    Redeclaring math accent \mathring on input line 140.
LaTeX Font Info:    Redeclaring math symbol \Gamma on input line 140.
LaTeX Font Info:    Redeclaring math symbol \Delta on input line 140.
LaTeX Font Info:    Redeclaring math symbol \Theta on input line 140.
LaTeX Font Info:    Redeclaring math symbol \Lambda on input line 140.
LaTeX Font Info:    Redeclaring math symbol \Xi on input line 140.
LaTeX Font Info:    Redeclaring math symbol \Pi on input line 140.
LaTeX Font Info:    Redeclaring math symbol \Sigma on input line 140.
LaTeX Font Info:    Redeclaring math symbol \Upsilon on input line 140.
LaTeX Font Info:    Redeclaring math symbol \Phi on input line 140.
LaTeX Font Info:    Redeclaring math symbol \Psi on input line 140.
LaTeX Font Info:    Redeclaring math symbol \Omega on input line 140.
LaTeX Font Info:    Redeclaring math symbol \mathdollar on input line 140.
LaTeX Font Info:    Redeclaring symbol font `operators' on input line 140.
LaTeX Font Info:    Encoding `OT1' has changed to `EU1' for symbol font
(Font)              `operators' in the math version `normal' on input line 140.

LaTeX Font Info:    Overwriting symbol font `operators' in version `normal'
(Font)                  OT1/cmr/m/n --> EU1/lmr/m/n on input line 140.
LaTeX Font Info:    Encoding `OT1' has changed to `EU1' for symbol font
(Font)              `operators' in the math version `bold' on input line 140.
LaTeX Font Info:    Overwriting symbol font `operators' in version `bold'
(Font)                  OT1/cmr/bx/n --> EU1/lmr/m/n on input line 140.
LaTeX Font Info:    Overwriting symbol font `operators' in version `normal'
(Font)                  EU1/lmr/m/n --> EU1/lmr/m/n on input line 140.
LaTeX Font Info:    Overwriting math alphabet `\mathrm' in version `normal'
(Font)                  EU1/lmr/m/n --> EU1/lmr/m/n on input line 140.
LaTeX Font Info:    Overwriting math alphabet `\mathit' in version `normal'
(Font)                  OT1/cmr/m/it --> EU1/lmr/m/it on input line 140.
LaTeX Font Info:    Overwriting math alphabet `\mathbf' in version `normal'
(Font)                  OT1/cmr/bx/n --> EU1/lmr/bx/n on input line 140.
LaTeX Font Info:    Overwriting math alphabet `\mathsf' in version `normal'
(Font)                  OT1/cmss/m/n --> EU1/lmss/m/n on input line 140.
LaTeX Font Info:    Overwriting math alphabet `\mathtt' in version `normal'
(Font)                  OT1/cmtt/m/n --> EU1/lmtt/m/n on input line 140.
LaTeX Font Info:    Overwriting symbol font `operators' in version `bold'
(Font)                  EU1/lmr/m/n --> EU1/lmr/bx/n on input line 140.
LaTeX Font Info:    Overwriting math alphabet `\mathrm' in version `bold'
(Font)                  EU1/lmr/m/n --> EU1/lmr/bx/n on input line 140.
LaTeX Font Info:    Overwriting math alphabet `\mathit' in version `bold'
(Font)                  OT1/cmr/bx/it --> EU1/lmr/bx/it on input line 140.
LaTeX Font Info:    Overwriting math alphabet `\mathsf' in version `bold'
(Font)                  OT1/cmss/bx/n --> EU1/lmss/bx/n on input line 140.
LaTeX Font Info:    Overwriting math alphabet `\mathtt' in version `bold'
(Font)                  OT1/cmtt/m/n --> EU1/lmtt/bx/n on input line 140.
Package hyperref Info: Link coloring OFF on input line 140.
(/usr/local/texlive/2009/texmf-dist/tex/latex/hyperref/nameref.sty
Package: nameref 2007/05/29 v2.31 Cross-referencing by name of section

(/usr/local/texlive/2009/texmf-dist/tex/latex/oberdiek/refcount.sty
Package: refcount 2008/08/11 v3.1 Data extraction from references (HO)
)
\c@section@level=\count222
LaTeX Info: Redefining \Ref on input line 396.
)
LaTeX Info: Redefining \ref on input line 140.
LaTeX Info: Redefining \pageref on input line 140.

(./main.out) (./main.out)
\@outlinefile=\write3
\openout3 = `main.out'.

\AtBeginShipoutBox=\box42
LaTeX Info: Redefining \Ref on input line 140.
 (./setup/Definition.tex
\c@zf@famc@Times New Roman=\count223
Package fontspec Info: Defining font family for 'Times New Roman'with options [
Mapping=tex-text,] on input line 26.
LaTeX Info: Redefining \xeCJK@font@rm on input line 28.
LaTeX Info: Redefining \xeCJK@font@sf on input line 29.
\c@figen=\count224
\cftbeforefigenskip=\skip120
\cftfigenindent=\skip121
\cftfigennumwidth=\skip122
\c@fendepth=\count225
\cftbeforefentitleskip=\skip123
\cftafterfentitleskip=\skip124
\tempbox=\box43
\c@tblen=\count226
\cftbeforetblenskip=\skip125
\cfttblenindent=\skip126
\cfttblennumwidth=\skip127
\c@tendepth=\count227
\cftbeforetentitleskip=\skip128
\cftaftertentitleskip=\skip129
\c@algoen=\count228
\cftbeforealgoenskip=\skip130
\cftalgoenindent=\skip131
\cftalgoennumwidth=\skip132
\c@aendepth=\count229
\cftbeforeaentitleskip=\skip133
\cftafteraentitleskip=\skip134
) (./setup/format.tex
\c@currdefinitionctr=\count230
\c@enddefinitionctr=\count231
\c@definition=\count232
\c@currexamplectr=\count233
Normal \count register pool exhausted, switching to extended pool.
\c@endexamplectr=\count277
\c@example=\count278
\c@curralgoctr=\count279
\c@endalgoctr=\count280
\c@algo=\count281
\c@currtheoremctr=\count282
\c@endtheoremctr=\count283
\c@theorem=\count284
\c@curraxiomctr=\count285
\c@endaxiomctr=\count286
\c@axiom=\count287
\c@currpropositionctr=\count288
\c@endpropositionctr=\count289
\c@proposition=\count290
\c@currlemmactr=\count291
\c@endlemmactr=\count292
\c@lemma=\count293
\c@currcorollaryctr=\count294
\c@endcorollaryctr=\count295
\c@corollary=\count296
\c@currremarkctr=\count297
\c@endremarkctr=\count298
\c@remark=\count299

(./gb_452_UTF8.cpx
File: GB.cap 2003/05/18 4.5.2for Standard LaTeX document class
)
(/usr/local/texlive/2009/texmf-dist/tex/latex/titlesec/block.tss
File: block.tss 2007/08/12
)

Package Fancyhdr Warning: \fancyhead's `E' option without twoside option is use
less on input line 227.

\AphorismAuthor=\box44
\c@hitctr=\count300
\c@pubctr=\count301
\lengthofxuehao=\skip135
) (./preface/cover.tex
LaTeX Font Info:    Calculating math sizes for size <10.5> on input line 77.
LaTeX Font Info:    Try loading font information for U+rsfs on input line 77.

(/usr/local/texlive/2009/texmf-dist/tex/latex/jknapltx/ursfs.fd
File: ursfs.fd 1998/03/24 rsfs font definition file (jk)
)
LaTeX Font Info:    Font shape `U/rsfs/m/n' in size <10.5> not available
(Font)              size <10.95> substituted on input line 77.
LaTeX Font Info:    Calculating math sizes for size <24> on input line 77.
LaTeX Font Info:    Font shape `U/rsfs/m/n' in size <24> not available
(Font)              size <24.88> substituted on input line 77.
LaTeX Font Info:    Font shape `U/rsfs/m/n' in size <16.79993> not available
(Font)              size <17.28> substituted on input line 77.

Overfull \hbox (4.99997pt too wide) in paragraph at lines 77--77
[][] [] [] 
 []


Overfull \hbox (4.99997pt too wide) in paragraph at lines 77--77
[][] [] [] 
 []


Overfull \hbox (4.99997pt too wide) in paragraph at lines 77--77
[][] [] [] 
 []


Overfull \hbox (4.99997pt too wide) in paragraph at lines 77--77
[][] [] [] 
 []

[1



] [2] [1


] [2


]) (./main.toc [3




] [4])
\tf@toc=\write4
\openout4 = `main.toc'.

 [5]
\openout2 = `body/Introduction.aux'.

 (./body/Introduction.tex
Á¨¨{1}Á´†

Package hyperref Warning: Token not allowed in a PDF string (PDFDocEncoding):
(hyperref)                removing `math shift' on input line 12.


Package hyperref Warning: Token not allowed in a PDF string (PDFDocEncoding):
(hyperref)                removing `subscript' on input line 12.


Package hyperref Warning: Token not allowed in a PDF string (PDFDocEncoding):
(hyperref)                removing `\infty' on input line 12.


Package hyperref Warning: Token not allowed in a PDF string (PDFDocEncoding):
(hyperref)                removing `math shift' on input line 12.

LaTeX Font Info:    Calculating math sizes for size <18> on input line 12.
LaTeX Font Info:    Font shape `U/rsfs/m/n' in size <18> not available
(Font)              size <17.28> substituted on input line 12.
LaTeX Font Info:    Font shape `U/rsfs/m/n' in size <12.59995> not available
(Font)              size <12> substituted on input line 12.
LaTeX Font Info:    Calculating math sizes for size <14> on input line 15.

Package hyperref Warning: Token not allowed in a PDF string (PDFDocEncoding):
(hyperref)                removing `math shift' on input line 15.


Package hyperref Warning: Token not allowed in a PDF string (PDFDocEncoding):
(hyperref)                removing `subscript' on input line 15.


Package hyperref Warning: Token not allowed in a PDF string (PDFDocEncoding):
(hyperref)                removing `\infty' on input line 15.


Package hyperref Warning: Token not allowed in a PDF string (PDFDocEncoding):
(hyperref)                removing `math shift' on input line 15.

LaTeX Font Info:    Try loading font information for TS1+TimesNewRoman(0) on in
put line 43.
LaTeX Font Info:    No file TS1TimesNewRoman(0).fd. on input line 43.
LaTeX Font Info:    Font shape `TS1/TimesNewRoman(0)/m/n' undefined
(Font)              using `TS1/cmr/m/n' instead
(Font)              for symbol `textbullet' on input line 43.
[1



]
Underfull \hbox (badness 1264) in paragraph at lines 76--80
[]\song/m/n/12 ÂØπ ‰∫é Êñ∞ ÊâãÔºå| \EU1/TimesNewRoman(0)/m/n/12 Windows \song/m
/n/12 ‰∏ã Âè™ Êé® Ëçê ÂÖç Ë¥π ÁöÑ \EU1/TimesNewRoman(0)/m/n/12 CTeX \song/m/n/1
2 Â•ó Ë£ÖÔºå| Âõ† ‰∏∫ ‰∏ù ÊØ´
 []


Underfull \hbox (badness 1478) in paragraph at lines 76--80
\song/m/n/12 ‰∏ç ÈúÄ Ë¶Å Ëá™ Â∑± ÈÖç ÁΩÆÔºå| ÂÆâ Ë£Ö Âêé Â∞± ÂèØ ‰ª• ‰Ωø Áî®„ÄÇ
| Âìà Â∑• Â§ß Ê†° Âõ≠ ÁΩë Áî® Êà∑ ÂèØ
 []

[2] [3] [4] [5] [6]) [7]
\openout2 = `body/Tricks.aux'.

 (./body/Tricks.tex
Á¨¨{2}Á´†
[8



] [9] [10] [11] [12] [13]
LaTeX Font Info:    Try loading font information for EU1+lmtt on input line 182
.

(/usr/local/texlive/2009/texmf-dist/tex/xelatex/euenc/eu1lmtt.fd
File: eu1lmtt.fd 2007/01/14 v1.3 Font defs for Latin Modern
)
Underfull \hbox (badness 1024) in paragraph at lines 200--200
[]    \EU1/lmtt/m/n/12 \def\usewhat{dvipdfmx}    % \tt/m/n/12 ‰Ω† Âñú Ê¨¢ Âì™ Á
ßç Áºñ ËØë Êñπ ÂºèÔºå|
 []

[14] [15] [16]
LaTeX Font Info:    Try loading font information for OMS+TimesNewRoman(0) on in
put line 280.
LaTeX Font Info:    No file OMSTimesNewRoman(0).fd. on input line 280.
LaTeX Font Info:    Font shape `OMS/TimesNewRoman(0)/m/n' undefined
(Font)              using `OMS/cmsy/m/n' instead
(Font)              for symbol `textbackslash' on input line 280.
 [17]
File: figures/golfer.pdf Graphic file (type QTm)
 <use  "figures/golfer.pdf" >
File: figures/golfer.pdf Graphic file (type QTm)
 <use  "figures/golfer.pdf" >
File: figures/golfer.pdf Graphic file (type QTm)

<use  "figures/golfer.pdf" >

LaTeX Warning: Reference `Figure:Tricks:Example2' on page 18 undefined on input
 line 359.

[18]

LaTeX Warning: Text page 19 contains only floats.

[19]
File: figures/golfer.pdf Graphic file (type QTm)
 <use  "figures/golfer.pdf" >
Overfull \hbox (6.0pt too wide) in paragraph at lines 367--369
 [][] 
 []

File: figures/golfer.pdf Graphic file (type QTm)
<use  "figures/golfer.pdf" >
Overfull \hbox (6.0pt too wide) in paragraph at lines 374--376
 [][] 
 []

Package hyperref Info: bookmark level for unknown subfigen defaults to 0 on inp
ut line 378.
File: figures/golfer.pdf Graphic file (type QTm)
<use  "figures/golfer.pdf" >
Overfull \hbox (6.0pt too wide) in paragraph at lines 386--388
 [][] 
 []

File: figures/golfer.pdf Graphic file (type QTm)
<use  "figures/golfer.pdf" >
Overfull \hbox (6.0pt too wide) in paragraph at lines 392--394
 [][] 
 []

File: figures/golfer.pdf Graphic file (type QTm)
<use  "figures/golfer.pdf" >
Overfull \hbox (6.0pt too wide) in paragraph at lines 398--400
 [][] 
 []

File: figures/golfer.pdf Graphic file (type QTm)
<use  "figures/golfer.pdf" >
Overfull \hbox (6.0pt too wide) in paragraph at lines 412--415
 [][] 
 []

File: figures/golfer.pdf Graphic file (type QTm)
<use  "figures/golfer.pdf" >
Overfull \hbox (6.0pt too wide) in paragraph at lines 418--421
 [][] 
 []

File: figures/golfer.pdf Graphic file (type QTm)
<use  "figures/golfer.pdf" >
Overfull \hbox (6.0pt too wide) in paragraph at lines 424--427
 [][] 
 []

[20]
File: figures/golfer.pdf Graphic file (type QTm)
 <use  "figures/golfer.pdf" >
Overfull \hbox (6.0pt too wide) in paragraph at lines 439--441
 [][] 
 []

File: figures/golfer.pdf Graphic file (type QTm)
<use  "figures/golfer.pdf" >
Overfull \hbox (6.0pt too wide) in paragraph at lines 445--447
 [][] 
 []

File: figures/golfer.pdf Graphic file (type QTm)
<use  "figures/golfer.pdf" >
Overfull \hbox (6.0pt too wide) in paragraph at lines 451--453
 [][] 
 []

[21] [22] [23]
Package hyperref Info: bookmark level for unknown algocf defaults to 0 on input
 line 543.

Underfull \hbox (badness 10000) detected at line 550
[][]
 []

[24]
Underfull \hbox (badness 10000) detected at line 563
[][]
 []

[25] [26] [27] [28] [29]) [30] [31]
\openout2 = `body/UpdateLog.aux'.

 (./body/UpdateLog.tex
Á¨¨{3}Á´†
[32



]

Package hyperref Warning: Token not allowed in a PDF string (PDFDocEncoding):
(hyperref)                removing `math shift' on input line 52.


Package hyperref Warning: Token not allowed in a PDF string (PDFDocEncoding):
(hyperref)                removing `\gamma' on input line 52.


Package hyperref Warning: Token not allowed in a PDF string (PDFDocEncoding):
(hyperref)                removing `math shift' on input line 52.


Underfull \hbox (badness 1953) in paragraph at lines 56--57
[]\song/m/n/12 ÂØπ ‰∫é Ê≤° Êúâ Á´† Ê†á Âè∑ ÁöÑ Á´†Ôºå| Â¶Ç Áªì ËÆ∫ Á≠âÔºå| ÂÆö 
‰πâ ‰∫Ü ‰∏Ä ‰∏™ Áõ∏ Â∫î ÁöÑ ÂëΩ
 []

[33] [34] [35] [36] [37] [38]
Underfull \hbox (badness 5064) in paragraph at lines 240--241
[]\song/m/n/12 Â≠ê Âõæ ÂΩ¢ Ëã± Êñá Ê†á È¢ò Áî® Ê≥ï Êõ¥ ÊîπÔºå| Áî± []\EU1/lmtt/
m/n/12 \SubfigureCaption \song/m/n/12 Âèò
 []

[39] [40] [41]
Underfull \hbox (badness 2556) in paragraph at lines 320--322
[]\song/m/n/12 Â¢û Âä† ‰∏§ ‰∏™ Ë°® Ê†º Â≠ó Âè∑ Âàá Êç¢ ÂëΩ ‰ª§Ôºå| []\EU1/lmtt/
m/n/12 \normalbiao \song/m/n/12 Ê≠£ Â∏∏ Â≠ó Âè∑Ôºõ|
 []

[42] [43] [44] [45]) [46]
\openout2 = `body/ToTemplateMaintainers.aux'.

 (./body/ToTemplateMaintainers.tex
Á¨¨{4}Á´†
File: figures/golfer.pdf Graphic file (type QTm)
<use  "figures/golfer.pdf" >
File: figures/golfer.pdf Graphic file (type QTm)
 <use  "figures/golfer.pdf" >) [47



]
\openout2 = `body/copyright.aux'.


(./body/copyright.tex
Á¨¨{5}Á´†
) [48



]
\openout2 = `body/conclusion.aux'.

 (./body/conclusion.tex

Package hyperref Warning: Token not allowed in a PDF string (PDFDocEncoding):
(hyperref)                removing `\<def>-command' on input line 5.


Package hyperref Warning: Token not allowed in a PDF string (PDFDocEncoding):
(hyperref)                removing `\xeCJK@family' on input line 5.

) [49



]

Package hyperref Warning: Token not allowed in a PDF string (PDFDocEncoding):
(hyperref)                removing `\<def>-command' on input line 245.


Package hyperref Warning: Token not allowed in a PDF string (PDFDocEncoding):
(hyperref)                removing `\xeCJK@family' on input line 245.

(./main.bbl) [50


]
\openout2 = `appendix/acknowledgements.aux'.

 (./appendix/acknowledgements.tex

Package hyperref Warning: Token not allowed in a PDF string (PDFDocEncoding):
(hyperref)                removing `\<def>-command' on input line 5.


Package hyperref Warning: Token not allowed in a PDF string (PDFDocEncoding):
(hyperref)                removing `\xeCJK@family' on input line 5.

) [51


]
\openout2 = `appendix/appA.aux'.

 (./appendix/appA.tex
\relax \relax ÈôÑÂΩï\nobreakspace {}A
File: figures/golfer.pdf Graphic file (type QTm)
<use  "figures/golfer.pdf" >) [52



]
\tf@thm=\write5
\openout5 = `main.thm'.

 (./main.aux (./body/Introduction.aux)
(./body/Tricks.aux) (./body/UpdateLog.aux) (./body/ToTemplateMaintainers.aux)
(./body/copyright.aux) (./body/conclusion.aux) (./appendix/acknowledgements.aux
) (./appendix/appA.aux))
LaTeX Font Info:    Size substitutions with differences
(Font)              up to 0.88pt have occurred.
LaTeX Font Info:    Some font shapes were not available, defaults substituted.


LaTeX Warning: There were undefined references.

 ) 
Here is how much of TeX's memory you used:
 13495 strings out of 494665
 211690 string characters out of 3163742
 370501 words of memory out of 3000000
 16233 multiletter control sequences out of 15000+200000
 35513 words of font info for 213 fonts, out of 3000000 for 9000
 669 hyphenation exceptions out of 8191
 47i,15n,46p,563b,505s stack positions out of 5000i,500n,10000p,200000b,50000s

Output written on main.pdf (59 pages).
