\BOOKMARK [0][]{mulu.0}{目 \040 \040 \040 \040录}{}
\BOOKMARK [0][]{section*.10}{第 1 章 \040绪论 H }{}
\BOOKMARK [1][]{section*.12}{1.1 课题背景及意义 H }{section*.10}
\BOOKMARK [1][]{section*.14}{1.2 入门知识}{section*.10}
\BOOKMARK [2][]{section*.16}{1.2.1 什么是LaTeX}{section*.14}
\BOOKMARK [2][]{section*.18}{1.2.2 推荐软件及其下载}{section*.14}
\BOOKMARK [2][]{section*.20}{1.2.3 推荐的入门资料}{section*.14}
\BOOKMARK [2][]{section*.22}{1.2.4 WinEdt的编译及其他技巧}{section*.14}
\BOOKMARK [2][]{section*.26}{1.2.5 生成图的常见方式}{section*.14}
\BOOKMARK [2][]{section*.28}{1.2.6 新手如何写数学公式}{section*.14}
\BOOKMARK [2][]{section*.30}{1.2.7 快速插入图表}{section*.14}
\BOOKMARK [2][]{section*.32}{1.2.8 更多技巧及别人入门心得}{section*.14}
\BOOKMARK [2][]{section*.34}{1.2.9 校内TeX资源}{section*.14}
\BOOKMARK [0][]{section*.36}{第 2 章 模板选择及使用中的一些技巧}{}
\BOOKMARK [1][]{section*.38}{2.1 关于学位论文模板}{section*.36}
\BOOKMARK [2][]{section*.40}{2.1.1 有没有必要使用模板？}{section*.38}
\BOOKMARK [2][]{section*.42}{2.1.2 我该选择哪个模板？}{section*.38}
\BOOKMARK [1][]{section*.48}{2.2 本模板有关说明}{section*.36}
\BOOKMARK [2][]{section*.50}{2.2.1 软件环境}{section*.48}
\BOOKMARK [2][]{section*.52}{2.2.2 相关目录及文件}{section*.48}
\BOOKMARK [2][]{section*.56}{2.2.3 论文最新模板下载及更新方法}{section*.48}
\BOOKMARK [1][]{section*.62}{2.3 模板技巧介绍}{section*.36}
\BOOKMARK [1][]{section*.64}{2.4 硕博士论文选项}{section*.36}
\BOOKMARK [1][]{section*.66}{2.5 封面内容}{section*.36}
\BOOKMARK [1][]{section*.68}{2.6 中英文目录}{section*.36}
\BOOKMARK [1][]{section*.70}{2.7 列表环境}{section*.36}
\BOOKMARK [1][]{section*.72}{2.8 参考文献}{section*.36}
\BOOKMARK [1][]{section*.74}{2.9 授权书及保密协议}{section*.36}
\BOOKMARK [1][]{section*.76}{2.10 打印}{section*.36}
\BOOKMARK [1][]{section*.78}{2.11 图表的中英文标题}{section*.36}
\BOOKMARK [2][]{section*.80}{2.11.1 图标题}{section*.78}
\BOOKMARK [2][]{section*.115}{2.11.2 表标题}{section*.78}
\BOOKMARK [1][]{section*.121}{2.12 算法}{section*.36}
\BOOKMARK [1][]{section*.127}{2.13 公式}{section*.36}
\BOOKMARK [1][]{section*.129}{2.14 一个长的小节标题一个长的小节标题一个长的小节标题一个长的小节标题一个长的小节标题一个长的小节标题}{section*.36}
\BOOKMARK [1][]{section*.131}{2.15 模板中自定义的一些命令}{section*.36}
\BOOKMARK [1][]{section*.133}{2.16 Pluto 模板 FAQs}{section*.36}
\BOOKMARK [0][]{section*.135}{第 3 章 模板升级、修改记录}{}
\BOOKMARK [1][]{section*.137}{3.1 说明}{section*.135}
\BOOKMARK [1][]{section*.139}{3.2 存在的问题及新版本特色}{section*.135}
\BOOKMARK [1][]{section*.141}{3.3 版本历史}{section*.135}
\BOOKMARK [2][]{section*.143}{3.3.1 模板的诞生}{section*.141}
\BOOKMARK [2][]{section*.145}{3.3.2 版本升级至 \(by cucme\2052005.06.06\)}{section*.141}
\BOOKMARK [2][]{section*.153}{3.3.3 版本升级至1.2\(by nebula\2052005.06.28\)}{section*.141}
\BOOKMARK [2][]{section*.159}{3.3.4 版本升级至1.3 \(by Stanley\)}{section*.141}
\BOOKMARK [2][]{section*.161}{3.3.5 版本升级至1.4 \(by nebula\)}{section*.141}
\BOOKMARK [2][]{section*.163}{3.3.6 版本升级至1.5 \(by nebula\)}{section*.141}
\BOOKMARK [2][]{section*.165}{3.3.7 版本升级至1.6 \(by luckyfox\)}{section*.141}
\BOOKMARK [2][]{section*.167}{3.3.8 版本升级至1.7rc1 \(by luckyfox\)}{section*.141}
\BOOKMARK [2][]{section*.169}{3.3.9 版本升级至1.7rc2 \(by jdg\)}{section*.141}
\BOOKMARK [2][]{section*.171}{3.3.10 版本升级至 v1.7 \(by luckyfox and LaTeX\)}{section*.141}
\BOOKMARK [2][]{section*.173}{3.3.11 版本升级至 v1.8rc1 \(by luckyfox and LaTeX\)}{section*.141}
\BOOKMARK [2][]{section*.175}{3.3.12 版本升级至 v1.8rc2 \(by luckyfox and LaTeX\)}{section*.141}
\BOOKMARK [2][]{section*.177}{3.3.13 版本升级至 v1.8.0.20080228 \(by luckyfox and LaTeX \)}{section*.141}
\BOOKMARK [2][]{section*.179}{3.3.14 版本升级至 v1.8.1.20080528 \(by luckyfox and LaTeX \)}{section*.141}
\BOOKMARK [2][]{section*.181}{3.3.15 版本升级至 v1.8.2.20080601 \(by luckyfox and LaTeX \)}{section*.141}
\BOOKMARK [2][]{section*.183}{3.3.16 版本升级至 v1.8.3.20081210 \(by luckyfox and LaTeX \)}{section*.141}
\BOOKMARK [2][]{section*.185}{3.3.17 版本升级至 v1.9.0.20081213 \(by luckyfox and LaTeX \)}{section*.141}
\BOOKMARK [2][]{section*.187}{3.3.18 版本升级至 v1.9.1.20090323 \(by luckyfox and maldinilz\)}{section*.141}
\BOOKMARK [2][]{section*.189}{3.3.19 版本升级至 v1.9.2.20090324 \(by luckyfox and maldinilz\)}{section*.141}
\BOOKMARK [2][]{section*.191}{3.3.20 版本升级至 v1.9.2.20090424 \(by luckyfox\)}{section*.141}
\BOOKMARK [0][]{section*.193}{第 4 章 写给想参与模板维护的网友}{}
\BOOKMARK [1][]{section*.195}{4.1 模板维护简单介绍}{section*.193}
\BOOKMARK [1][]{section*.197}{4.2 维护工具介绍}{section*.193}
\BOOKMARK [0][]{section*.205}{第 5 章 版权声明}{}
\BOOKMARK [0][]{section*.208}{结 \040 \040论}{}
\BOOKMARK [0][]{section*.211}{参考文献}{}
\BOOKMARK [0][]{section*.215}{致 \040 \040谢}{}
\BOOKMARK [0][]{section*.219}{附录 A 带章节的附录}{}
\BOOKMARK [1][]{section*.221}{A.1 附录节的内容}{section*.219}
